### version information

```
pre-commit version: 4.6.0
git --version: Executable `git` not found
sys.version:
    3.13.12 (main, Feb  3 2026, 22:53:26) [MSC v.1944 64 bit (AMD64)]
sys.executable: C:\Users\19097\.workbuddy\binaries\python\envs\default\Scripts\python.exe
os.name: nt
sys.platform: win32
```

### error information

```
An unexpected error has occurred: ValueError: the environment variable is longer than 32767 characters
```

```
Traceback (most recent call last):
  File "C:\Users\19097\.workbuddy\binaries\python\envs\default\Lib\site-packages\pre_commit\error_handler.py", line 73, in error_handler
    yield
  File "C:\Users\19097\.workbuddy\binaries\python\envs\default\Lib\site-packages\pre_commit\main.py", line 429, in main
    return run(args.config, store, args)
  File "C:\Users\19097\.workbuddy\binaries\python\envs\default\Lib\site-packages\pre_commit\commands\run.py", line 445, in run
    return _run_hooks(config, hooks, skips, args)
  File "C:\Users\19097\.workbuddy\binaries\python\envs\default\Lib\site-packages\pre_commit\commands\run.py", line 296, in _run_hooks
    current_retval, prior_diff = _run_single_hook(
                                 ~~~~~~~~~~~~~~~~^
        classifier, hook, skips, cols, prior_diff,
        ^^^^^^^^^^^^^^^^^^^^^^^^^^^^^^^^^^^^^^^^^^
        verbose=args.verbose, use_color=args.color,
        ^^^^^^^^^^^^^^^^^^^^^^^^^^^^^^^^^^^^^^^^^^^
    )
    ^
  File "C:\Users\19097\.workbuddy\binaries\python\envs\default\Lib\site-packages\pre_commit\commands\run.py", line 192, in _run_single_hook
    with language.in_env(hook.prefix, hook.language_version):
         ~~~~~~~~~~~~~~~^^^^^^^^^^^^^^^^^^^^^^^^^^^^^^^^^^^^
  File "C:\Users\19097\.workbuddy\binaries\python\versions\3.13.12\Lib\contextlib.py", line 148, in __exit__
    next(self.gen)
    ~~~~^^^^^^^^^^
  File "C:\Users\19097\.workbuddy\binaries\python\envs\default\Lib\site-packages\pre_commit\languages\python.py", line 171, in in_env
    with envcontext(get_env_patch(envdir)):
         ~~~~~~~~~~^^^^^^^^^^^^^^^^^^^^^^^
  File "C:\Users\19097\.workbuddy\binaries\python\versions\3.13.12\Lib\contextlib.py", line 148, in __exit__
    next(self.gen)
    ~~~~^^^^^^^^^^
  File "C:\Users\19097\.workbuddy\binaries\python\envs\default\Lib\site-packages\pre_commit\envcontext.py", line 62, in envcontext
    env.update(before)
    ~~~~~~~~~~^^^^^^^^
  File "<frozen _collections_abc>", line 987, in update
  File "<frozen os>", line 723, in __setitem__
ValueError: the environment variable is longer than 32767 characters
```
